<?xml version="1.0" encoding="UTF-8"?>
<!-- Generated by org.testng.reporters.JUnitXMLReporter -->
<testsuite ignored="1" hostname="DESKTOP-BQPVLVH" failures="0" tests="2" name="Command line test" time="35.122" errors="0" timestamp="13 Mar 2023 21:24:05 GMT">
  <testcase classname="tests.CourseWFlowTest" name="Assert_course_title_is_displayed" time="0.004"/>
  <testcase classname="tests.CourseWFlowTest" name="Create_And_SaveAsDraftCourse" time="34.539"/>
  <testcase classname="tests.TestBase" name="@BeforeSuite startDriver" time="0.0">
    <ignored/>
  </testcase> <!-- @BeforeSuite startDriver -->
</testsuite> <!-- Command line test -->
