<?xml version="1.0" encoding="UTF-8"?>
<testng-results ignored="1" total="3" passed="2" failed="0" skipped="0">
  <reporter-output>
  </reporter-output>
  <suite started-at="2023-03-13T21:23:30Z" name="Command line suite" finished-at="2023-03-13T21:24:05Z" duration-ms="35122">
    <groups>
    </groups>
    <test started-at="2023-03-13T21:23:30Z" name="Command line test" finished-at="2023-03-13T21:24:05Z" duration-ms="35122">
      <class name="tests.CourseWFlowTest">
        <test-method is-config="true" signature="startDriver()[pri:0, instance:tests.CourseWFlowTest@6f03482]" started-at="2023-03-13T21:23:20Z" name="startDriver" finished-at="2023-03-13T21:23:30Z" duration-ms="9864" status="PASS">
          <reporter-output>
          </reporter-output>
        </test-method> <!-- startDriver -->
        <test-method is-config="true" signature="Login()[pri:0, instance:tests.CourseWFlowTest@6f03482]" started-at="2023-03-13T21:23:30Z" name="Login" finished-at="2023-03-13T21:23:30Z" duration-ms="557" status="PASS">
          <reporter-output>
          </reporter-output>
        </test-method> <!-- Login -->
        <test-method signature="Assert_course_title_is_displayed()[pri:0, instance:tests.CourseWFlowTest@6f03482]" started-at="2023-03-13T21:23:30Z" name="Assert_course_title_is_displayed" finished-at="2023-03-13T21:23:30Z" duration-ms="4" status="PASS">
          <reporter-output>
          </reporter-output>
        </test-method> <!-- Assert_course_title_is_displayed -->
        <test-method signature="Create_And_SaveAsDraftCourse()[pri:0, instance:tests.CourseWFlowTest@6f03482]" started-at="2023-03-13T21:23:30Z" name="Create_And_SaveAsDraftCourse" finished-at="2023-03-13T21:24:05Z" duration-ms="34539" status="PASS">
          <reporter-output>
          </reporter-output>
        </test-method> <!-- Create_And_SaveAsDraftCourse -->
      </class> <!-- tests.CourseWFlowTest -->
    </test> <!-- Command line test -->
  </suite> <!-- Command line suite -->
</testng-results>
