<?xml version="1.0" encoding="UTF-8"?>
<testng-results ignored="0" total="2" passed="2" failed="0" skipped="0">
  <reporter-output>
  </reporter-output>
  <suite started-at="2023-03-13T20:37:38 EET" name="Default suite" finished-at="2023-03-13T20:37:39 EET" duration-ms="506">
    <groups>
    </groups>
    <test started-at="2023-03-13T20:37:38 EET" name="Default test" finished-at="2023-03-13T20:37:39 EET" duration-ms="506">
      <class name="tests.CourseWFlowTest">
        <test-method is-config="true" signature="startDriver()[pri:0, instance:tests.CourseWFlowTest@cecf639]" started-at="2023-03-13T20:37:33 EET" name="startDriver" finished-at="2023-03-13T20:37:38 EET" duration-ms="4696" status="PASS">
          <reporter-output>
          </reporter-output>
        </test-method> <!-- startDriver -->
        <test-method is-config="true" signature="Login()[pri:0, instance:tests.CourseWFlowTest@cecf639]" started-at="2023-03-13T20:37:38 EET" name="Login" finished-at="2023-03-13T20:37:39 EET" duration-ms="437" status="PASS">
          <reporter-output>
          </reporter-output>
        </test-method> <!-- Login -->
        <test-method signature="Assert_course_title_is_displayed()[pri:0, instance:tests.CourseWFlowTest@cecf639]" started-at="2023-03-13T20:37:39 EET" name="Assert_course_title_is_displayed" finished-at="2023-03-13T20:37:39 EET" duration-ms="16" status="PASS">
          <reporter-output>
          </reporter-output>
        </test-method> <!-- Assert_course_title_is_displayed -->
        <test-method signature="Create_And_SaveAsDraftCourse()[pri:0, instance:tests.CourseWFlowTest@cecf639]" started-at="2023-03-13T20:37:39 EET" name="Create_And_SaveAsDraftCourse" finished-at="2023-03-13T20:37:39 EET" duration-ms="2" status="PASS">
          <reporter-output>
          </reporter-output>
        </test-method> <!-- Create_And_SaveAsDraftCourse -->
      </class> <!-- tests.CourseWFlowTest -->
    </test> <!-- Default test -->
  </suite> <!-- Default suite -->
</testng-results>
