<?xml version="1.0" encoding="UTF-8"?>
<testng-results ignored="0" total="1" passed="1" failed="0" skipped="0">
  <reporter-output>
  </reporter-output>
  <suite started-at="2023-03-14T02:27:16 EET" name="Default suite" finished-at="2023-03-14T02:27:32 EET" duration-ms="16606">
    <groups>
    </groups>
    <test started-at="2023-03-14T02:27:16 EET" name="Default test" finished-at="2023-03-14T02:27:32 EET" duration-ms="16606">
      <class name="tests.CourseWFlowTest">
        <test-method is-config="true" signature="initializeDriver()[pri:0, instance:tests.CourseWFlowTest@268f106e]" started-at="2023-03-14T02:27:14 EET" name="initializeDriver" finished-at="2023-03-14T02:27:16 EET" duration-ms="2064" status="PASS">
          <reporter-output>
          </reporter-output>
        </test-method> <!-- initializeDriver -->
        <test-method is-config="true" signature="launchApplication()[pri:0, instance:tests.CourseWFlowTest@268f106e]" started-at="2023-03-14T02:27:16 EET" name="launchApplication" finished-at="2023-03-14T02:27:19 EET" duration-ms="3244" status="PASS">
          <reporter-output>
          </reporter-output>
        </test-method> <!-- launchApplication -->
        <test-method is-config="true" signature="Login()[pri:0, instance:tests.CourseWFlowTest@268f106e]" started-at="2023-03-14T02:27:19 EET" name="Login" finished-at="2023-03-14T02:27:20 EET" duration-ms="523" status="PASS">
          <reporter-output>
          </reporter-output>
        </test-method> <!-- Login -->
        <test-method signature="Create_And_SaveAsDraftCourse()[pri:0, instance:tests.CourseWFlowTest@268f106e]" started-at="2023-03-14T02:27:20 EET" name="Create_And_SaveAsDraftCourse" finished-at="2023-03-14T02:27:32 EET" duration-ms="12606" status="PASS">
          <reporter-output>
          </reporter-output>
        </test-method> <!-- Create_And_SaveAsDraftCourse -->
        <test-method is-config="true" signature="tearDown()[pri:0, instance:tests.CourseWFlowTest@268f106e]" started-at="2023-03-14T02:27:32 EET" name="tearDown" finished-at="2023-03-14T02:27:32 EET" duration-ms="193" status="PASS">
          <reporter-output>
          </reporter-output>
        </test-method> <!-- tearDown -->
      </class> <!-- tests.CourseWFlowTest -->
    </test> <!-- Default test -->
  </suite> <!-- Default suite -->
</testng-results>
